<?xml version="1.0" encoding="UTF-8"?>
<!-- Generated by org.testng.reporters.JUnitXMLReporter -->
<testsuite hostname="ATMECSINLT-085" ignored="0" name="Test" tests="2" failures="1" timestamp="11 Nov 2019 15:15:14 GMT" time="16.032" errors="0">
  <testcase name="@BeforeClass webURLLoader" time="7.663" classname="com.atmecs.validate_ninja_store.testscripts.TestVerifyNinjaStore">
    <failure type="java.lang.NullPointerException">
      <![CDATA[java.lang.NullPointerException
at com.atmecs.validate_ninja_store.logreports.LogReporter.logReportMessage(LogReporter.java:24)
at com.atmecs.validate_ninja_store.testscripts.TestVerifyNinjaStore.webURLLoader(TestVerifyNinjaStore.java:39)
... Removed 26 stack frames]]>
    </failure>
  </testcase> <!-- @BeforeClass webURLLoader -->
  <testcase name="@AfterTest endDriver" time="0.0" classname="com.atmecs.validate_ninja_store.testbase.TestBase">
    <skipped/>
  </testcase> <!-- @AfterTest endDriver -->
  <testcase name="verifyNinjaStore" time="0.0" classname="com.atmecs.validate_ninja_store.testscripts.TestVerifyNinjaStore">
    <skipped/>
  </testcase> <!-- verifyNinjaStore -->
  <testcase name="verifyNinjaStore" time="1.058" classname="com.atmecs.validate_ninja_store.testscripts.TestVerifyNinjaStore">
    <failure type="java.lang.NullPointerException">
      <![CDATA[java.lang.NullPointerException
at com.atmecs.validate_ninja_store.extentreport.ExtentReportGenerater.onTestSkipped(ExtentReportGenerater.java:75)
... Removed 23 stack frames]]>
    </failure>
  </testcase> <!-- verifyNinjaStore -->
</testsuite> <!-- Test -->
